<?xml version="1.0" encoding="UTF-8"?>
<!-- Generated by org.testng.reporters.JUnitXMLReporter -->
<testsuite hostname="Naumans-PC" ignored="0" name="Regression Test" tests="3" failures="0" timestamp="2022-12-13T21:55:44 GMT" time="11.798" errors="0">
  <testcase name="userShouldLoginSuccessfullyWithValidCredentials" time="0.415" classname="com.herokuapp.theinternet.testsuite.LoginPageTest"/>
  <testcase name="verifyThePasswordErrorMessage" time="0.36" classname="com.herokuapp.theinternet.testsuite.LoginPageTest"/>
  <testcase name="verifyTheUsernameErrorMessage" time="0.37" classname="com.herokuapp.theinternet.testsuite.LoginPageTest"/>
</testsuite> <!-- Regression Test -->
