<?xml version="1.0" encoding="UTF-8"?>
<testsuite name="Regression Test"
           tests="3"
           failures="0"
           errors="0"
           skipped="0"
           time="1.145">
  <properties />
  
  
            <testcase name="verifyTheUsernameErrorMessage" time="0.370" classname="com.herokuapp.theinternet.testsuite.LoginPageTest" />
                <testcase name="verifyThePasswordErrorMessage" time="0.360" classname="com.herokuapp.theinternet.testsuite.LoginPageTest" />
                <testcase name="userShouldLoginSuccessfullyWithValidCredentials" time="0.415" classname="com.herokuapp.theinternet.testsuite.LoginPageTest" />
      
</testsuite>
