<?xml version="1.0" encoding="UTF-8"?>
<!-- Generated by org.testng.reporters.JUnitXMLReporter -->
<testsuite hostname="Naumans-PC" ignored="0" name="Regression Test" tests="3" failures="0" timestamp="2022-12-11T16:54:50 GMT" time="10.403" errors="0">
  <testcase name="userShouldLoginSuccessfullyWithValidCredentials" time="0.388" classname="com.herokuapp.theinternet.testsuite.LoginPageTest"/>
  <testcase name="verifyThePasswordErrorMessage" time="0.328" classname="com.herokuapp.theinternet.testsuite.LoginPageTest"/>
  <testcase name="verifyTheUsernameErrorMessage" time="0.328" classname="com.herokuapp.theinternet.testsuite.LoginPageTest"/>
</testsuite> <!-- Regression Test -->
